{"name": "Homepage Header - click Group Jumps menu item", "status": "broken", "statusDetails": {"message": "selenium.common.exceptions.NoSuchElementException: Message: no such element: Unable to locate element: {\"method\":\"xpath\",\"selector\":\"//a[text()='Group']\"}\n  (Session info: chrome=130.0.6723.117); For documentation on this error, please visit: https://www.selenium.dev/documentation/webdriver/troubleshooting/errors#no-such-element-exception\nStacktrace:\n0   chromedriver                        0x000000010477db58 chromedriver + 8182616\n1   chromedriver                        0x000000010477508a chromedriver + 8147082\n2   chromedriver                        0x0000000104010fa0 chromedriver + 397216\n3   chromedriver                        0x000000010405d3b3 chromedriver + 709555\n4   chromedriver                        0x000000010405d6b1 chromedriver + 710321\n5   chromedriver                        0x00000001040a2e64 chromedriver + 994916\n6   chromedriver                        0x000000010408197d chromedriver + 858493\n7   chromedriver                        0x00000001040a0284 chromedriver + 983684\n8   chromedriver                        0x00000001040816f3 chromedriver + 857843\n9   chromedriver                        0x00000001040501c2 chromedriver + 655810\n10  chromedriver                        0x000000010405119e chromedriver + 659870\n11  chromedriver                        0x0000000104742da0 chromedriver + 7941536\n12  chromedriver                        0x0000000104746cf4 chromedriver + 7957748\n13  chromedriver                        0x0000000104724917 chromedriver + 7817495\n14  chromedriver                        0x000000010474777e chromedriver + 7960446\n15  chromedriver                        0x0000000104713be4 chromedriver + 7748580\n16  chromedriver                        0x00000001047633a8 chromedriver + 8074152\n17  chromedriver                        0x0000000104763566 chromedriver + 8074598\n18  chromedriver                        0x0000000104774c98 chromedriver + 8146072\n19  libsystem_pthread.dylib             0x00007ff80e32a1d3 _pthread_start + 125\n20  libsystem_pthread.dylib             0x00007ff80e325bd3 thread_start + 15\n\n", "trace": "  File \"/usr/local/lib/python3.9/site-packages/behave/model.py\", line 1329, in run\n    match.run(runner.context)\n  File \"/usr/local/lib/python3.9/site-packages/behave/matchers.py\", line 98, in run\n    self.func(context, *args, **kwargs)\n  File \"/Users/lana-n/PycharmProjects/bootcamp_pactice/steps/steps.py\", line 30, in click_element\n    element = context.driver.find_element(By.XPATH, xpath)\n  File \"/usr/local/lib/python3.9/site-packages/selenium/webdriver/remote/webdriver.py\", line 766, in find_element\n    return self.execute(Command.FIND_ELEMENT, {\"using\": by, \"value\": value})[\"value\"]\n  File \"/usr/local/lib/python3.9/site-packages/selenium/webdriver/remote/webdriver.py\", line 380, in execute\n    self.error_handler.check_response(response)\n  File \"/usr/local/lib/python3.9/site-packages/selenium/webdriver/remote/errorhandler.py\", line 229, in check_response\n    raise exception_class(message, screen, stacktrace)\n"}, "steps": [{"name": "Then Open \"dev\" environment", "status": "passed", "start": 1731549352957, "stop": 1731549354253}, {"name": "Then Wait 1 seconds", "status": "passed", "start": 1731549354254, "stop": 1731549355258}, {"name": "Then Verify presents of element \"//h5[text()='Login to Your Account']\"", "status": "passed", "start": 1731549355258, "stop": 1731549355268}, {"name": "Then Type \"kiwi2024+2@mailinator.com\" into \"//input[@name='username']\"", "status": "passed", "start": 1731549355268, "stop": 1731549355385}, {"name": "Then Wait 1 seconds", "status": "passed", "start": 1731549355385, "stop": 1731549356390}, {"name": "Then Type \"kiwipass02\" into \"//input[@name='password']\"", "status": "passed", "start": 1731549356390, "stop": 1731549356431}, {"name": "Then Wait 1 seconds", "status": "passed", "start": 1731549356431, "stop": 1731549357434}, {"name": "Then Click element \"//button[text()=' Login ']\"", "status": "passed", "start": 1731549357435, "stop": 1731549357465}, {"name": "Then Verify presents of element \"//h3[text()=' Your device ']\"", "status": "passed", "start": 1731549357466, "stop": 1731549357984}, {"name": "Then click element \"//a[text()='Group']\"", "status": "broken", "statusDetails": {"message": "selenium.common.exceptions.NoSuchElementException: Message: no such element: Unable to locate element: {\"method\":\"xpath\",\"selector\":\"//a[text()='Group']\"}\n  (Session info: chrome=130.0.6723.117); For documentation on this error, please visit: https://www.selenium.dev/documentation/webdriver/troubleshooting/errors#no-such-element-exception\nStacktrace:\n0   chromedriver                        0x000000010477db58 chromedriver + 8182616\n1   chromedriver                        0x000000010477508a chromedriver + 8147082\n2   chromedriver                        0x0000000104010fa0 chromedriver + 397216\n3   chromedriver                        0x000000010405d3b3 chromedriver + 709555\n4   chromedriver                        0x000000010405d6b1 chromedriver + 710321\n5   chromedriver                        0x00000001040a2e64 chromedriver + 994916\n6   chromedriver                        0x000000010408197d chromedriver + 858493\n7   chromedriver                        0x00000001040a0284 chromedriver + 983684\n8   chromedriver                        0x00000001040816f3 chromedriver + 857843\n9   chromedriver                        0x00000001040501c2 chromedriver + 655810\n10  chromedriver                        0x000000010405119e chromedriver + 659870\n11  chromedriver                        0x0000000104742da0 chromedriver + 7941536\n12  chromedriver                        0x0000000104746cf4 chromedriver + 7957748\n13  chromedriver                        0x0000000104724917 chromedriver + 7817495\n14  chromedriver                        0x000000010474777e chromedriver + 7960446\n15  chromedriver                        0x0000000104713be4 chromedriver + 7748580\n16  chromedriver                        0x00000001047633a8 chromedriver + 8074152\n17  chromedriver                        0x0000000104763566 chromedriver + 8074598\n18  chromedriver                        0x0000000104774c98 chromedriver + 8146072\n19  libsystem_pthread.dylib             0x00007ff80e32a1d3 _pthread_start + 125\n20  libsystem_pthread.dylib             0x00007ff80e325bd3 thread_start + 15\n\n", "trace": "  File \"/usr/local/lib/python3.9/site-packages/behave/model.py\", line 1329, in run\n    match.run(runner.context)\n  File \"/usr/local/lib/python3.9/site-packages/behave/matchers.py\", line 98, in run\n    self.func(context, *args, **kwargs)\n  File \"/Users/lana-n/PycharmProjects/bootcamp_pactice/steps/steps.py\", line 30, in click_element\n    element = context.driver.find_element(By.XPATH, xpath)\n  File \"/usr/local/lib/python3.9/site-packages/selenium/webdriver/remote/webdriver.py\", line 766, in find_element\n    return self.execute(Command.FIND_ELEMENT, {\"using\": by, \"value\": value})[\"value\"]\n  File \"/usr/local/lib/python3.9/site-packages/selenium/webdriver/remote/webdriver.py\", line 380, in execute\n    self.error_handler.check_response(response)\n  File \"/usr/local/lib/python3.9/site-packages/selenium/webdriver/remote/errorhandler.py\", line 229, in check_response\n    raise exception_class(message, screen, stacktrace)\n"}, "start": 1731549357985, "stop": 1731549357995}, {"name": "Then Wait 2 seconds", "status": "skipped", "start": 1731549358074, "stop": 1731549358074}], "start": 1731549351081, "stop": 1731549358074, "uuid": "b100acb7-24c5-4bea-a4b2-b7862b2c6a97", "historyId": "9744162bc1271b5e14776c6ad9d4486f", "fullName": "Group Jumps Page Tests: Homepage Header - click Group Jumps menu item", "labels": [{"name": "severity", "value": "normal"}, {"name": "feature", "value": "Group Jumps Page Tests"}, {"name": "framework", "value": "behave"}, {"name": "language", "value": "cpython3"}]}